Waiting for first packet to arrive (see sourceforge.net bug 1019381)
Adding local address: 192.168.15.49
Adding local address: 2804:431:cfe0:2c39:886d:2ba7:cb54:ccc8
Adding local address: 2804:431:cfe0:2c39:f65b:852d:23c9:5278
Adding local address: fe80::7e6e:ac6:5aaf:c758
Ethernet link detected

Refreshing:
unknown TCP/0/0	0	0

Refreshing:
unknown TCP/0/0	0	0

Refreshing:
/snap/chromium/1967/usr/lib/chromium-browser/chrome --type=utility --utility-sub-type=network.mojom.NetworkService --lang=en-US --service-sandbox-type=none --change-stack-guard-on-fork=enable --shared-files=v8_context_snapshot_data:100 --field-trial-handle=0,i,3598458924813345461,2499628472461368413,131072/2951/1000	0.0472656	0.034375
unknown TCP/0/0	0	0

Refreshing:
/snap/chromium/1967/usr/lib/chromium-browser/chrome --type=utility --utility-sub-type=network.mojom.NetworkService --lang=en-US --service-sandbox-type=none --change-stack-guard-on-fork=enable --shared-files=v8_context_snapshot_data:100 --field-trial-handle=0,i,3598458924813345461,2499628472461368413,131072/2951/1000	0.126563	0.034375
/usr/lib/x86_64-linux-gnu/libexec/kdeconnectd/2579/1000	0.0128906	0.0128906
unknown TCP/0/0	0	0

Refreshing:
./bin/broker/231948/0	3.87559	4.98223
/snap/chromium/1967/usr/lib/chromium-browser/chrome --type=utility --utility-sub-type=network.mojom.NetworkService --lang=en-US --service-sandbox-type=none --change-stack-guard-on-fork=enable --shared-files=v8_context_snapshot_data:100 --field-trial-handle=0,i,3598458924813345461,2499628472461368413,131072/2951/1000	0.143359	0.0900391
/usr/lib/x86_64-linux-gnu/libexec/kdeconnectd/2579/1000	0.0257812	0.0257812
unknown TCP/0/0	0	0

Refreshing:
./bin/broker/231948/0	4.7543	5.66836
/snap/chromium/1967/usr/lib/chromium-browser/chrome --type=utility --utility-sub-type=network.mojom.NetworkService --lang=en-US --service-sandbox-type=none --change-stack-guard-on-fork=enable --shared-files=v8_context_snapshot_data:100 --field-trial-handle=0,i,3598458924813345461,2499628472461368413,131072/2951/1000	0.143359	0.0900391
/usr/lib/x86_64-linux-gnu/libexec/kdeconnectd/2579/1000	0.0257812	0.0257812
unknown TCP/0/0	0	0

Refreshing:
./bin/broker/231948/0	5.59844	6.3416
/snap/chromium/1967/usr/lib/chromium-browser/chrome --type=utility --utility-sub-type=network.mojom.NetworkService --lang=en-US --service-sandbox-type=none --change-stack-guard-on-fork=enable --shared-files=v8_context_snapshot_data:100 --field-trial-handle=0,i,3598458924813345461,2499628472461368413,131072/2951/1000	0.143359	0.0900391
/usr/lib/x86_64-linux-gnu/libexec/kdeconnectd/2579/1000	0.0257812	0.0257812
unknown TCP/0/0	0	0

Refreshing:
./bin/broker/231948/0	6.42871	7.02852
/snap/chromium/1967/usr/lib/chromium-browser/chrome --type=utility --utility-sub-type=network.mojom.NetworkService --lang=en-US --service-sandbox-type=none --change-stack-guard-on-fork=enable --shared-files=v8_context_snapshot_data:100 --field-trial-handle=0,i,3598458924813345461,2499628472461368413,131072/2951/1000	0.239453	0.1625
/usr/lib/x86_64-linux-gnu/libexec/kdeconnectd/2579/1000	0.0257812	0.0257812
unknown TCP/0/0	0	0

Refreshing:
./bin/broker/231948/0	3.97793	3.18125
/snap/chromium/1967/usr/lib/chromium-browser/chrome --type=utility --utility-sub-type=network.mojom.NetworkService --lang=en-US --service-sandbox-type=none --change-stack-guard-on-fork=enable --shared-files=v8_context_snapshot_data:100 --field-trial-handle=0,i,3598458924813345461,2499628472461368413,131072/2951/1000	0.143359	0.106836
/usr/sbin/NetworkManager/968/0	0.0958984	0.0949219
/usr/lib/x86_64-linux-gnu/libexec/kdeconnectd/2579/1000	0	0
unknown TCP/0/0	0	0

Refreshing:
./bin/broker/231948/0	3.97988	3.18145
/snap/chromium/1967/usr/lib/chromium-browser/chrome --type=utility --utility-sub-type=network.mojom.NetworkService --lang=en-US --service-sandbox-type=none --change-stack-guard-on-fork=enable --shared-files=v8_context_snapshot_data:100 --field-trial-handle=0,i,3598458924813345461,2499628472461368413,131072/2951/1000	0.143359	0.106836
/usr/sbin/NetworkManager/968/0	0.0958984	0.0949219
/usr/lib/x86_64-linux-gnu/libexec/kdeconnectd/2579/1000	0	0
unknown TCP/0/0	0	0

Refreshing:
./bin/broker/231948/0	4.81016	3.86836
/snap/chromium/1967/usr/lib/chromium-browser/chrome --type=utility --utility-sub-type=network.mojom.NetworkService --lang=en-US --service-sandbox-type=none --change-stack-guard-on-fork=enable --shared-files=v8_context_snapshot_data:100 --field-trial-handle=0,i,3598458924813345461,2499628472461368413,131072/2951/1000	0.239453	0.1625
/usr/sbin/NetworkManager/968/0	0.0958984	0.0949219
/usr/lib/x86_64-linux-gnu/libexec/kdeconnectd/2579/1000	0	0
unknown TCP/0/0	0	0

Refreshing:
./bin/broker/231948/0	4.48613	3.63066
/snap/chromium/1967/usr/lib/chromium-browser/chrome --type=utility --utility-sub-type=network.mojom.NetworkService --lang=en-US --service-sandbox-type=none --change-stack-guard-on-fork=enable --shared-files=v8_context_snapshot_data:100 --field-trial-handle=0,i,3598458924813345461,2499628472461368413,131072/2951/1000	0.25625	0.179297
/usr/sbin/NetworkManager/968/0	0.0958984	0.0949219
/usr/lib/x86_64-linux-gnu/libexec/kdeconnectd/2579/1000	0	0
unknown TCP/0/0	0	0

Refreshing:
./bin/broker/231948/0	3.99238	3.18145
/snap/chromium/1967/usr/lib/chromium-browser/chrome --type=utility --utility-sub-type=network.mojom.NetworkService --lang=en-US --service-sandbox-type=none --change-stack-guard-on-fork=enable --shared-files=v8_context_snapshot_data:100 --field-trial-handle=0,i,3598458924813345461,2499628472461368413,131072/2951/1000	0.112891	0.0724609
/usr/sbin/NetworkManager/968/0	0	0
/usr/lib/x86_64-linux-gnu/libexec/kdeconnectd/2579/1000	0	0
unknown TCP/0/0	0	0

Refreshing:
./bin/broker/231948/0	3.93809	3.18164
/snap/chromium/1967/usr/lib/chromium-browser/chrome --type=utility --utility-sub-type=network.mojom.NetworkService --lang=en-US --service-sandbox-type=none --change-stack-guard-on-fork=enable --shared-files=v8_context_snapshot_data:100 --field-trial-handle=0,i,3598458924813345461,2499628472461368413,131072/2951/1000	0.25625	0.1625
/usr/sbin/NetworkManager/968/0	0	0
/usr/lib/x86_64-linux-gnu/libexec/kdeconnectd/2579/1000	0	0
unknown TCP/0/0	0	0

Refreshing:
./bin/broker/231948/0	4.78652	3.85469
/snap/chromium/1967/usr/lib/chromium-browser/chrome --type=utility --utility-sub-type=network.mojom.NetworkService --lang=en-US --service-sandbox-type=none --change-stack-guard-on-fork=enable --shared-files=v8_context_snapshot_data:100 --field-trial-handle=0,i,3598458924813345461,2499628472461368413,131072/2951/1000	0.25625	0.1625
/usr/lib/x86_64-linux-gnu/libexec/kdeconnectd/2579/1000	0.0257812	0.0257812
/usr/sbin/NetworkManager/968/0	0	0
unknown TCP/0/0	0	0

Refreshing:
./bin/broker/231948/0	3.99238	3.18145
/snap/chromium/1967/usr/lib/chromium-browser/chrome --type=utility --utility-sub-type=network.mojom.NetworkService --lang=en-US --service-sandbox-type=none --change-stack-guard-on-fork=enable --shared-files=v8_context_snapshot_data:100 --field-trial-handle=0,i,3598458924813345461,2499628472461368413,131072/2951/1000	0.143359	0.0900391
/usr/lib/x86_64-linux-gnu/libexec/kdeconnectd/2579/1000	0.0257812	0.0257812
/usr/sbin/NetworkManager/968/0	0	0
unknown TCP/0/0	0	0

Refreshing:
./bin/broker/231948/0	3.96934	3.18164
/snap/chromium/1967/usr/lib/chromium-browser/chrome --type=utility --utility-sub-type=network.mojom.NetworkService --lang=en-US --service-sandbox-type=none --change-stack-guard-on-fork=enable --shared-files=v8_context_snapshot_data:100 --field-trial-handle=0,i,3598458924813345461,2499628472461368413,131072/2951/1000	0.239453	0.145703
/usr/lib/x86_64-linux-gnu/libexec/kdeconnectd/2579/1000	0.0257812	0.0257812
/usr/sbin/NetworkManager/968/0	0	0
unknown TCP/0/0	0	0

Refreshing:
./bin/broker/231948/0	3.94531	3.16855
/snap/chromium/1967/usr/lib/chromium-browser/chrome --type=utility --utility-sub-type=network.mojom.NetworkService --lang=en-US --service-sandbox-type=none --change-stack-guard-on-fork=enable --shared-files=v8_context_snapshot_data:100 --field-trial-handle=0,i,3598458924813345461,2499628472461368413,131072/2951/1000	0.0960938	0.0556641
/usr/lib/x86_64-linux-gnu/libexec/kdeconnectd/2579/1000	0.0257812	0.0257812
/usr/sbin/NetworkManager/968/0	0	0
unknown TCP/0/0	0	0

Refreshing:
./bin/broker/231948/0	4.82988	3.85527
/snap/chromium/1967/usr/lib/chromium-browser/chrome --type=utility --utility-sub-type=network.mojom.NetworkService --lang=en-US --service-sandbox-type=none --change-stack-guard-on-fork=enable --shared-files=v8_context_snapshot_data:100 --field-trial-handle=0,i,3598458924813345461,2499628472461368413,131072/2951/1000	0.143359	0.0900391
/usr/lib/x86_64-linux-gnu/libexec/kdeconnectd/2579/1000	0.0257812	0.0257812
/usr/sbin/NetworkManager/968/0	0	0
unknown TCP/0/0	0	0

Refreshing:
./bin/broker/231948/0	3.64863	2.95684
/snap/chromium/1967/usr/lib/chromium-browser/chrome --type=utility --utility-sub-type=network.mojom.NetworkService --lang=en-US --service-sandbox-type=none --change-stack-guard-on-fork=enable --shared-files=v8_context_snapshot_data:100 --field-trial-handle=0,i,3598458924813345461,2499628472461368413,131072/2951/1000	0.268359	0.174609
/usr/sbin/NetworkManager/968/0	0	0
/usr/lib/x86_64-linux-gnu/libexec/kdeconnectd/2579/1000	0	0
unknown TCP/0/0	0	0

Refreshing:
./bin/broker/231948/0	3.64863	2.95684
/snap/chromium/1967/usr/lib/chromium-browser/chrome --type=utility --utility-sub-type=network.mojom.NetworkService --lang=en-US --service-sandbox-type=none --change-stack-guard-on-fork=enable --shared-files=v8_context_snapshot_data:100 --field-trial-handle=0,i,3598458924813345461,2499628472461368413,131072/2951/1000	0.268359	0.174609
/usr/sbin/NetworkManager/968/0	0	0
/usr/lib/x86_64-linux-gnu/libexec/kdeconnectd/2579/1000	0	0
unknown TCP/0/0	0	0

Refreshing:
./bin/broker/231948/0	3.64863	2.95684
/snap/chromium/1967/usr/lib/chromium-browser/chrome --type=utility --utility-sub-type=network.mojom.NetworkService --lang=en-US --service-sandbox-type=none --change-stack-guard-on-fork=enable --shared-files=v8_context_snapshot_data:100 --field-trial-handle=0,i,3598458924813345461,2499628472461368413,131072/2951/1000	0.268359	0.174609
/usr/sbin/NetworkManager/968/0	0	0
/usr/lib/x86_64-linux-gnu/libexec/kdeconnectd/2579/1000	0	0
unknown TCP/0/0	0	0

Refreshing:
./bin/broker/231948/0	1.99453	1.59746
/snap/chromium/1967/usr/lib/chromium-browser/chrome --type=utility --utility-sub-type=network.mojom.NetworkService --lang=en-US --service-sandbox-type=none --change-stack-guard-on-fork=enable --shared-files=v8_context_snapshot_data:100 --field-trial-handle=0,i,3598458924813345461,2499628472461368413,131072/2951/1000	0.268359	0.174609
/usr/sbin/NetworkManager/968/0	0	0
/usr/lib/x86_64-linux-gnu/libexec/kdeconnectd/2579/1000	0	0
unknown TCP/0/0	0	0

Refreshing:
./bin/broker/231948/0	0.822461	0.686133
/snap/chromium/1967/usr/lib/chromium-browser/chrome --type=utility --utility-sub-type=network.mojom.NetworkService --lang=en-US --service-sandbox-type=none --change-stack-guard-on-fork=enable --shared-files=v8_context_snapshot_data:100 --field-trial-handle=0,i,3598458924813345461,2499628472461368413,131072/2951/1000	0.268359	0.174609
/usr/sbin/NetworkManager/968/0	0	0
/usr/lib/x86_64-linux-gnu/libexec/kdeconnectd/2579/1000	0	0
unknown TCP/0/0	0	0

Refreshing:
/snap/chromium/1967/usr/lib/chromium-browser/chrome --type=utility --utility-sub-type=network.mojom.NetworkService --lang=en-US --service-sandbox-type=none --change-stack-guard-on-fork=enable --shared-files=v8_context_snapshot_data:100 --field-trial-handle=0,i,3598458924813345461,2499628472461368413,131072/2951/1000	0.172266	0.118945
/usr/lib/x86_64-linux-gnu/libexec/kdeconnectd/2579/1000	0.0257812	0.0257812
/usr/sbin/NetworkManager/968/0	0	0
./bin/broker/231948/0	0	0
unknown TCP/0/0	0	0

Refreshing:
/snap/chromium/1967/usr/lib/chromium-browser/chrome --type=utility --utility-sub-type=network.mojom.NetworkService --lang=en-US --service-sandbox-type=none --change-stack-guard-on-fork=enable --shared-files=v8_context_snapshot_data:100 --field-trial-handle=0,i,3598458924813345461,2499628472461368413,131072/2951/1000	0.239453	0.1625
/usr/lib/x86_64-linux-gnu/libexec/kdeconnectd/2579/1000	0.0257812	0.0257812
/usr/sbin/NetworkManager/968/0	0	0
./bin/broker/231948/0	0	0
unknown TCP/0/0	0	0

Refreshing:
/snap/chromium/1967/usr/lib/chromium-browser/chrome --type=utility --utility-sub-type=network.mojom.NetworkService --lang=en-US --service-sandbox-type=none --change-stack-guard-on-fork=enable --shared-files=v8_context_snapshot_data:100 --field-trial-handle=0,i,3598458924813345461,2499628472461368413,131072/2951/1000	0.239453	0.1625
/usr/lib/x86_64-linux-gnu/libexec/kdeconnectd/2579/1000	0.0257812	0.0257812
/usr/sbin/NetworkManager/968/0	0	0
./bin/broker/231948/0	0	0
unknown TCP/0/0	0	0

Refreshing:
/snap/chromium/1967/usr/lib/chromium-browser/chrome --type=utility --utility-sub-type=network.mojom.NetworkService --lang=en-US --service-sandbox-type=none --change-stack-guard-on-fork=enable --shared-files=v8_context_snapshot_data:100 --field-trial-handle=0,i,3598458924813345461,2499628472461368413,131072/2951/1000	0.239453	0.1625
/usr/lib/x86_64-linux-gnu/libexec/kdeconnectd/2579/1000	0.0257812	0.0257812
/usr/sbin/NetworkManager/968/0	0	0
./bin/broker/231948/0	0	0
unknown TCP/0/0	0	0
